<?xml version="1.0" encoding="UTF-8"?>
<!-- Generated by org.testng.reporters.JUnitReportReporter -->
<testsuite hostname="Guruprasad" failures="0" tests="7" name="runner.Testng_Runner" time="59.493" errors="0" timestamp="2025-12-07T09:39:18 IST" skipped="0">
  <testcase classname="runner.Testng_Runner" name="runScenario" time="4.678"/>
  <testcase classname="runner.Testng_Runner" name="runScenario" time="8.370"/>
  <testcase classname="runner.Testng_Runner" name="runScenario" time="5.335"/>
  <testcase classname="runner.Testng_Runner" name="runScenario" time="5.243"/>
  <testcase classname="runner.Testng_Runner" name="runScenario" time="23.394"/>
  <testcase classname="runner.Testng_Runner" name="runScenario" time="8.386"/>
  <testcase classname="runner.Testng_Runner" name="runScenario" time="4.087"/>
</testsuite> <!-- runner.Testng_Runner -->
